<?xml version="1.0" encoding="UTF-8"?>
<testsuite name="com.web3.geolocation.controller.GeoExtractionControllerTest" time="0.207" tests="1" errors="0" skipped="0" failures="1">
  <properties>
[...]
</properties>
  <testcase name="testExtactGeoInformationApi" classname="com.web3.geolocation.controller.GeoExtractionControllerTest" time="0.207">
    <failure type="java.lang.AssertionError:">java.lang.AssertionError: null
	at org.junit.Assert.fail(Assert.java:86)
	at org.junit.Assert.assertTrue(Assert.java:41)
	at org.junit.Assert.assertTrue(Assert.java:52)
	at com.web3.geolocation.controller.GeoExtractionControllerTest.testExtactGeoInformationApi(GeoExtractionControllerTest.java:38)
</failure>
    <system-out><![CDATA[12:18:52.845 [main] DEBUG o.s.t.c.j.SpringJUnit4ClassRunner - SpringJUnit4ClassRunner constructor called with [class com.web3.geolocation.controller.GeoExtractionControllerTest]
12:18:52.852 [main] DEBUG o.s.test.context.BootstrapUtils - Instantiating TestContextBootstrapper from class [org.springframework.boot.test.WebAppIntegrationTestContextBootstrapper]
12:18:52.867 [main] DEBUG o.s.b.t.WebAppIntegrationTestContextBootstrapper - Found explicit ContextLoader class [org.springframework.boot.test.SpringApplicationContextLoader] for context configuration attributes [ContextConfigurationAttributes@6eebc39e declaringClass = 'com.web3.geolocation.controller.GeoExtractionControllerTest', classes = '{class com.web3.geolocation.GeoLocationApp}', locations = '{}', inheritLocations = true, initializers = '{}', inheritInitializers = true, name = [null], contextLoaderClass = 'org.springframework.boot.test.SpringApplicationContextLoader']
12:18:52.873 [main] DEBUG o.s.t.c.support.ActiveProfilesUtils - Could not find an 'annotation declaring class' for annotation type [org.springframework.test.context.ActiveProfiles] and class [com.web3.geolocation.controller.GeoExtractionControllerTest]
12:18:52.877 [main] DEBUG o.s.test.util.ReflectionTestUtils - Setting field [propertySourceProperties] of type [null] on target [[WebMergedContextConfiguration@192b07fd testClass = GeoExtractionControllerTest, locations = '{}', classes = '{class com.web3.geolocation.GeoLocationApp}', contextInitializerClasses = '[]', activeProfiles = '{}', propertySourceLocations = '{}', propertySourceProperties = '{}', resourceBasePath = '', contextLoader = 'org.springframework.boot.test.SpringApplicationContextLoader', parent = [null]]] to value [[Ljava.lang.String;@64bfbc86]
12:18:52.878 [main] DEBUG o.s.b.t.WebAppIntegrationTestContextBootstrapper - @TestExecutionListeners is not present for class [com.web3.geolocation.controller.GeoExtractionControllerTest]: using defaults.
12:18:52.886 [main] INFO  o.s.b.t.WebAppIntegrationTestContextBootstrapper - Loaded default TestExecutionListener class names from location [META-INF/spring.factories]: [org.springframework.test.context.web.ServletTestExecutionListener, org.springframework.test.context.support.DependencyInjectionTestExecutionListener, org.springframework.test.context.support.DirtiesContextTestExecutionListener, org.springframework.test.context.transaction.TransactionalTestExecutionListener, org.springframework.test.context.jdbc.SqlScriptsTestExecutionListener]
12:18:52.893 [main] INFO  o.s.b.t.WebAppIntegrationTestContextBootstrapper - Could not instantiate TestExecutionListener [org.springframework.test.context.transaction.TransactionalTestExecutionListener]. Specify custom listener classes or make the default listener classes (and their required dependencies) available. Offending class: [org/springframework/transaction/interceptor/TransactionAttributeSource]
12:18:52.893 [main] INFO  o.s.b.t.WebAppIntegrationTestContextBootstrapper - Could not instantiate TestExecutionListener [org.springframework.test.context.jdbc.SqlScriptsTestExecutionListener]. Specify custom listener classes or make the default listener classes (and their required dependencies) available. Offending class: [org/springframework/transaction/interceptor/TransactionAttribute]
12:18:52.894 [main] INFO  o.s.b.t.WebAppIntegrationTestContextBootstrapper - Using TestExecutionListeners: [org.springframework.test.context.web.ServletTestExecutionListener@5c5a1b69, org.springframework.test.context.support.DependencyInjectionTestExecutionListener@3701eaf6, org.springframework.test.context.support.DirtiesContextTestExecutionListener@627551fb]
12:18:52.896 [main] DEBUG o.s.t.annotation.ProfileValueUtils - Retrieved @ProfileValueSourceConfiguration [null] for test class [com.web3.geolocation.controller.GeoExtractionControllerTest]
12:18:52.896 [main] DEBUG o.s.t.annotation.ProfileValueUtils - Retrieved ProfileValueSource type [class org.springframework.test.annotation.SystemProfileValueSource] for class [com.web3.geolocation.controller.GeoExtractionControllerTest]
12:18:52.897 [main] DEBUG o.s.t.annotation.ProfileValueUtils - Retrieved @ProfileValueSourceConfiguration [null] for test class [com.web3.geolocation.controller.GeoExtractionControllerTest]
12:18:52.897 [main] DEBUG o.s.t.annotation.ProfileValueUtils - Retrieved ProfileValueSource type [class org.springframework.test.annotation.SystemProfileValueSource] for class [com.web3.geolocation.controller.GeoExtractionControllerTest]
12:18:52.899 [main] DEBUG o.s.t.annotation.ProfileValueUtils - Retrieved @ProfileValueSourceConfiguration [null] for test class [com.web3.geolocation.controller.GeoExtractionControllerTest]
12:18:52.899 [main] DEBUG o.s.t.annotation.ProfileValueUtils - Retrieved ProfileValueSource type [class org.springframework.test.annotation.SystemProfileValueSource] for class [com.web3.geolocation.controller.GeoExtractionControllerTest]
12:18:53.064 [main] DEBUG o.s.t.c.s.DependencyInjectionTestExecutionListener - Performing dependency injection for test context [[DefaultTestContext@2cbb3d47 testClass = GeoExtractionControllerTest, testInstance = com.web3.geolocation.controller.GeoExtractionControllerTest@527e5409, testMethod = [null], testException = [null], mergedContextConfiguration = [WebMergedContextConfiguration@192b07fd testClass = GeoExtractionControllerTest, locations = '{}', classes = '{class com.web3.geolocation.GeoLocationApp}', contextInitializerClasses = '[]', activeProfiles = '{}', propertySourceLocations = '{}', propertySourceProperties = '{org.springframework.boot.test.IntegrationTest=true}', resourceBasePath = '', contextLoader = 'org.springframework.boot.test.SpringApplicationContextLoader', parent = [null]]]].
12:18:53.105 [main] DEBUG o.s.core.env.StandardEnvironment - Adding [systemProperties] PropertySource with lowest search precedence
12:18:53.107 [main] DEBUG o.s.core.env.StandardEnvironment - Adding [systemEnvironment] PropertySource with lowest search precedence
12:18:53.107 [main] DEBUG o.s.core.env.StandardEnvironment - Initialized StandardEnvironment with PropertySources [systemProperties,systemEnvironment]
12:18:53.108 [main] DEBUG o.s.core.env.StandardEnvironment - Adding [integrationTest] PropertySource with search precedence immediately lower than [systemEnvironment]

  .   ____          _            __ _ _
 /\\ / ___'_ __ _ _(_)_ __  __ _ \ \ \ \
( ( )\___ | '_ | '_| | '_ \/ _` | \ \ \ \
 \\/  ___)| |_)| | | | | || (_| |  ) ) ) )
  '  |____| .__|_| |_|_| |_\__, | / / / /
 =========|_|==============|___/=/_/_/_/
 :: Spring Boot ::        (v1.2.7.RELEASE)

2015-11-18 12:18:53.255  INFO 4248 --- [           main] c.w.g.c.GeoExtractionControllerTest      : Starting GeoExtractionControllerTest on CMRPF32-OH-HD with PID 4248 (C:\Users\michael.goetz\Desktop\workspace\GeoLocation\target\test-classes started by michael.goetz in C:\Users\michael.goetz\Desktop\workspace\GeoLocation)
2015-11-18 12:18:53.281  INFO 4248 --- [           main] ationConfigEmbeddedWebApplicationContext : Refreshing org.springframework.boot.context.embedded.AnnotationConfigEmbeddedWebApplicationContext@7a675056: startup date [Wed Nov 18 12:18:53 EST 2015]; root of context hierarchy
2015-11-18 12:18:54.301  INFO 4248 --- [           main] s.b.c.e.t.TomcatEmbeddedServletContainer : Tomcat initialized with port(s): 8080 (http)
2015-11-18 12:18:54.471  INFO 4248 --- [           main] o.apache.catalina.core.StandardService   : Starting service Tomcat
2015-11-18 12:18:54.472  INFO 4248 --- [           main] org.apache.catalina.core.StandardEngine  : Starting Servlet Engine: Apache Tomcat/8.0.28
2015-11-18 12:18:54.550  INFO 4248 --- [ost-startStop-1] o.a.c.c.C.[.[localhost].[/geoimagery]    : Initializing Spring embedded WebApplicationContext
2015-11-18 12:18:54.550  INFO 4248 --- [ost-startStop-1] o.s.web.context.ContextLoader            : Root WebApplicationContext: initialization completed in 1271 ms
2015-11-18 12:18:54.646  INFO 4248 --- [ost-startStop-1] o.s.b.c.e.ServletRegistrationBean        : Mapping servlet: 'dispatcherServlet' to [/]
2015-11-18 12:18:54.649  INFO 4248 --- [ost-startStop-1] o.s.b.c.embedded.FilterRegistrationBean  : Mapping filter: 'characterEncodingFilter' to: [/*]
2015-11-18 12:18:54.789  INFO 4248 --- [           main] s.w.s.m.m.a.RequestMappingHandlerMapping : Mapped "{[/api/extractgeo],methods=[POST]}" onto public com.web3.geolocation.vo.BaseResponseVO com.web3.geolocation.controllers.GeoExtractionController.extactGeoInformation(java.lang.String)
2015-11-18 12:18:54.790  INFO 4248 --- [           main] s.w.s.m.m.a.RequestMappingHandlerMapping : Mapped "{[/api/geolocation/nearByPlace/{lat}/{lng}],methods=[GET]}" onto public com.web3.geolocation.vo.BaseResponseVO com.web3.geolocation.controllers.GeoLocationController.getNearByPlace(java.lang.Double,java.lang.Double)
2015-11-18 12:18:54.790  INFO 4248 --- [           main] s.w.s.m.m.a.RequestMappingHandlerMapping : Mapped "{[/api/geolocation/wikidetails/{location}/{language}],methods=[GET]}" onto public com.web3.geolocation.vo.BaseResponseVO com.web3.geolocation.controllers.GeoLocationController.getWikiArticles(java.lang.String,java.lang.String)
2015-11-18 12:18:54.790  INFO 4248 --- [           main] s.w.s.m.m.a.RequestMappingHandlerMapping : Mapped "{[/api/geolocation/{location}],methods=[GET]}" onto public com.web3.geolocation.vo.BaseResponseVO com.web3.geolocation.controllers.GeoLocationController.getGeoLocationDetails(java.lang.String)
2015-11-18 12:18:54.790  INFO 4248 --- [           main] s.w.s.m.m.a.RequestMappingHandlerMapping : Mapped "{[/api/geolocation/{lat}/{lng}],methods=[GET]}" onto public com.web3.geolocation.vo.BaseResponseVO com.web3.geolocation.controllers.GeoLocationController.getPlaceFromCoOrdinates(java.lang.Double,java.lang.Double)
2015-11-18 12:18:54.790  INFO 4248 --- [           main] s.w.s.m.m.a.RequestMappingHandlerMapping : Mapped "{[/api/geolocation/nearbywikidetails/{lat}/{lng}/{language}],methods=[GET]}" onto public com.web3.geolocation.vo.BaseResponseVO com.web3.geolocation.controllers.GeoLocationController.getNearbyWikiArticles(java.lang.Double,java.lang.Double,java.lang.String)
2015-11-18 12:18:54.794  INFO 4248 --- [           main] s.w.s.m.m.a.RequestMappingHandlerMapping : Mapped "{[/error]}" onto public org.springframework.http.ResponseEntity<java.util.Map<java.lang.String, java.lang.Object>> org.springframework.boot.autoconfigure.web.BasicErrorController.error(javax.servlet.http.HttpServletRequest)
2015-11-18 12:18:54.794  INFO 4248 --- [           main] s.w.s.m.m.a.RequestMappingHandlerMapping : Mapped "{[/error],produces=[text/html]}" onto public org.springframework.web.servlet.ModelAndView org.springframework.boot.autoconfigure.web.BasicErrorController.errorHtml(javax.servlet.http.HttpServletRequest)
2015-11-18 12:18:54.810  INFO 4248 --- [           main] o.s.w.s.handler.SimpleUrlHandlerMapping  : Mapped URL path [/**] onto handler of type [class org.springframework.web.servlet.resource.DefaultServletHttpRequestHandler]
2015-11-18 12:18:54.835  INFO 4248 --- [           main] s.w.s.m.m.a.RequestMappingHandlerAdapter : Looking for @ControllerAdvice: org.springframework.boot.context.embedded.AnnotationConfigEmbeddedWebApplicationContext@7a675056: startup date [Wed Nov 18 12:18:53 EST 2015]; root of context hierarchy
2015-11-18 12:18:54.999  INFO 4248 --- [           main] s.b.c.e.t.TomcatEmbeddedServletContainer : Tomcat started on port(s): 8080 (http)
2015-11-18 12:18:55.000  INFO 4248 --- [           main] c.w.g.c.GeoExtractionControllerTest      : Started GeoExtractionControllerTest in 1.889 seconds (JVM running for 2.435)
2015-11-18 12:18:55.118  INFO 4248 --- [nio-8080-exec-1] o.a.c.c.C.[.[localhost].[/geoimagery]    : Initializing Spring FrameworkServlet 'dispatcherServlet'
2015-11-18 12:18:55.119  INFO 4248 --- [nio-8080-exec-1] o.s.web.servlet.DispatcherServlet        : FrameworkServlet 'dispatcherServlet': initialization started
2015-11-18 12:18:55.138  INFO 4248 --- [nio-8080-exec-1] o.s.web.servlet.DispatcherServlet        : FrameworkServlet 'dispatcherServlet': initialization completed in 19 ms
]]></system-out>
  </testcase>
</testsuite>